<html>
<head>
<title>TestNG:  FREE CRM TEST</title>
<link href="../testng.css" rel="stylesheet" type="text/css" />
<link href="../my-testng.css" rel="stylesheet" type="text/css" />

<style type="text/css">
.log { display: none;} 
.stack-trace { display: none;} 
</style>
<script type="text/javascript">
<!--
function flip(e) {
  current = e.style.display;
  if (current == 'block') {
    e.style.display = 'none';
    return 0;
  }
  else {
    e.style.display = 'block';
    return 1;
  }
}

function toggleBox(szDivId, elem, msg1, msg2)
{
  var res = -1;  if (document.getElementById) {
    res = flip(document.getElementById(szDivId));
  }
  else if (document.all) {
    // this is the way old msie versions work
    res = flip(document.all[szDivId]);
  }
  if(elem) {
    if(res == 0) elem.innerHTML = msg1; else elem.innerHTML = msg2;
  }

}

function toggleAllBoxes() {
  if (document.getElementsByTagName) {
    d = document.getElementsByTagName('div');
    for (i = 0; i < d.length; i++) {
      if (d[i].className == 'log') {
        flip(d[i]);
      }
    }
  }
}

// -->
</script>

</head>
<body>
<h2 align='center'>FREE CRM TEST</h2><table border='1' align="center">
<tr>
<td>Tests passed/Failed/Skipped:</td><td>6/3/0</td>
</tr><tr>
<td>Started on:</td><td>Sat Oct 24 15:03:47 IST 2020</td>
</tr>
<tr><td>Total time:</td><td>186 seconds (186152 ms)</td>
</tr><tr>
<td>Included groups:</td><td></td>
</tr><tr>
<td>Excluded groups:</td><td></td>
</tr>
</table><p/>
<small><i>(Hover the method name to see the test class name)</i></small><p/>
<table width='100%' border='1' class='invocation-failed'>
<tr><td colspan='4' align='center'><b>FAILED TESTS</b></td></tr>
<tr><td><b>Test method</b></td>
<td width="30%"><b>Exception</b></td>
<td width="10%"><b>Time (seconds)</b></td>
<td><b>Instance</b></td>
</tr>
<tr>
<td title='com.crm.qa.testcases.ContactsPageTest.verifyContactareadded()'><b>verifyContactareadded</b><br>Test class: com.crm.qa.testcases.ContactsPageTest<br>Parameters: Nagaraju, Madupu, nagarajumadupu@gmail.com</td>
<td><div><pre>java.lang.AssertionError: The following asserts failed:
	expected [Nagaraju Madupu] but found [Nagaraju]
	at com.crm.qa.testcases.ContactsPageTest.verifyContactareadded(ContactsPageTest.java:55)
... Removed 30 stack frames</pre></div><a href='#' onClick='toggleBox("stack-trace1893772493", this, "Click to show all stack frames", "Click to hide stack frames")'>Click to show all stack frames</a>
<div class='stack-trace' id='stack-trace1893772493'><pre>java.lang.AssertionError: The following asserts failed:
	expected [Nagaraju Madupu] but found [Nagaraju]
	at org.testng.asserts.SoftAssert.assertAll(SoftAssert.java:43)
	at com.crm.qa.testcases.ContactsPageTest.verifyContactareadded(ContactsPageTest.java:55)
	at sun.reflect.NativeMethodAccessorImpl.invoke0(Native Method)
	at sun.reflect.NativeMethodAccessorImpl.invoke(NativeMethodAccessorImpl.java:62)
	at sun.reflect.DelegatingMethodAccessorImpl.invoke(DelegatingMethodAccessorImpl.java:43)
	at java.lang.reflect.Method.invoke(Method.java:497)
	at org.testng.internal.MethodInvocationHelper.invokeMethod(MethodInvocationHelper.java:108)
	at org.testng.internal.Invoker.invokeMethod(Invoker.java:661)
	at org.testng.internal.Invoker.invokeTestMethod(Invoker.java:869)
	at org.testng.internal.Invoker.invokeTestMethods(Invoker.java:1193)
	at org.testng.internal.TestMethodWorker.invokeTestMethods(TestMethodWorker.java:126)
	at org.testng.internal.TestMethodWorker.run(TestMethodWorker.java:109)
	at org.testng.TestRunner.privateRun(TestRunner.java:744)
	at org.testng.TestRunner.run(TestRunner.java:602)
	at org.testng.SuiteRunner.runTest(SuiteRunner.java:380)
	at org.testng.SuiteRunner.runSequentially(SuiteRunner.java:375)
	at org.testng.SuiteRunner.privateRun(SuiteRunner.java:340)
	at org.testng.SuiteRunner.run(SuiteRunner.java:289)
	at org.testng.SuiteRunnerWorker.runSuite(SuiteRunnerWorker.java:52)
	at org.testng.SuiteRunnerWorker.run(SuiteRunnerWorker.java:86)
	at org.testng.TestNG.runSuitesSequentially(TestNG.java:1301)
	at org.testng.TestNG.runSuitesLocally(TestNG.java:1226)
	at org.testng.TestNG.runSuites(TestNG.java:1144)
	at org.testng.TestNG.run(TestNG.java:1115)
	at org.apache.maven.surefire.testng.TestNGExecutor.run(TestNGExecutor.java:284)
	at org.apache.maven.surefire.testng.TestNGXmlTestSuite.execute(TestNGXmlTestSuite.java:75)
	at org.apache.maven.surefire.testng.TestNGProvider.invoke(TestNGProvider.java:119)
	at org.apache.maven.surefire.booter.ForkedBooter.runSuitesInProcess(ForkedBooter.java:428)
	at org.apache.maven.surefire.booter.ForkedBooter.execute(ForkedBooter.java:162)
	at org.apache.maven.surefire.booter.ForkedBooter.run(ForkedBooter.java:562)
	at org.apache.maven.surefire.booter.ForkedBooter.main(ForkedBooter.java:548)
</pre></div></td>
<td>12</td>
<td>com.crm.qa.testcases.ContactsPageTest@61832929</td></tr>
<tr>
<td title='com.crm.qa.testcases.ContactsPageTest.verifyContactareadded()'><b>verifyContactareadded</b><br>Test class: com.crm.qa.testcases.ContactsPageTest<br>Parameters: Laddu, Nani, laddunani9@gmail.com</td>
<td><div><pre>java.lang.AssertionError: The following asserts failed:
	expected [Nagaraju Madupu] but found [Nagaraju],
	expected [Laddu Nani] but found [Laddu]
	at com.crm.qa.testcases.ContactsPageTest.verifyContactareadded(ContactsPageTest.java:55)
... Removed 30 stack frames</pre></div><a href='#' onClick='toggleBox("stack-trace65438140", this, "Click to show all stack frames", "Click to hide stack frames")'>Click to show all stack frames</a>
<div class='stack-trace' id='stack-trace65438140'><pre>java.lang.AssertionError: The following asserts failed:
	expected [Nagaraju Madupu] but found [Nagaraju],
	expected [Laddu Nani] but found [Laddu]
	at org.testng.asserts.SoftAssert.assertAll(SoftAssert.java:43)
	at com.crm.qa.testcases.ContactsPageTest.verifyContactareadded(ContactsPageTest.java:55)
	at sun.reflect.NativeMethodAccessorImpl.invoke0(Native Method)
	at sun.reflect.NativeMethodAccessorImpl.invoke(NativeMethodAccessorImpl.java:62)
	at sun.reflect.DelegatingMethodAccessorImpl.invoke(DelegatingMethodAccessorImpl.java:43)
	at java.lang.reflect.Method.invoke(Method.java:497)
	at org.testng.internal.MethodInvocationHelper.invokeMethod(MethodInvocationHelper.java:108)
	at org.testng.internal.Invoker.invokeMethod(Invoker.java:661)
	at org.testng.internal.Invoker.invokeTestMethod(Invoker.java:869)
	at org.testng.internal.Invoker.invokeTestMethods(Invoker.java:1193)
	at org.testng.internal.TestMethodWorker.invokeTestMethods(TestMethodWorker.java:126)
	at org.testng.internal.TestMethodWorker.run(TestMethodWorker.java:109)
	at org.testng.TestRunner.privateRun(TestRunner.java:744)
	at org.testng.TestRunner.run(TestRunner.java:602)
	at org.testng.SuiteRunner.runTest(SuiteRunner.java:380)
	at org.testng.SuiteRunner.runSequentially(SuiteRunner.java:375)
	at org.testng.SuiteRunner.privateRun(SuiteRunner.java:340)
	at org.testng.SuiteRunner.run(SuiteRunner.java:289)
	at org.testng.SuiteRunnerWorker.runSuite(SuiteRunnerWorker.java:52)
	at org.testng.SuiteRunnerWorker.run(SuiteRunnerWorker.java:86)
	at org.testng.TestNG.runSuitesSequentially(TestNG.java:1301)
	at org.testng.TestNG.runSuitesLocally(TestNG.java:1226)
	at org.testng.TestNG.runSuites(TestNG.java:1144)
	at org.testng.TestNG.run(TestNG.java:1115)
	at org.apache.maven.surefire.testng.TestNGExecutor.run(TestNGExecutor.java:284)
	at org.apache.maven.surefire.testng.TestNGXmlTestSuite.execute(TestNGXmlTestSuite.java:75)
	at org.apache.maven.surefire.testng.TestNGProvider.invoke(TestNGProvider.java:119)
	at org.apache.maven.surefire.booter.ForkedBooter.runSuitesInProcess(ForkedBooter.java:428)
	at org.apache.maven.surefire.booter.ForkedBooter.execute(ForkedBooter.java:162)
	at org.apache.maven.surefire.booter.ForkedBooter.run(ForkedBooter.java:562)
	at org.apache.maven.surefire.booter.ForkedBooter.main(ForkedBooter.java:548)
</pre></div></td>
<td>14</td>
<td>com.crm.qa.testcases.ContactsPageTest@61832929</td></tr>
<tr>
<td title='com.crm.qa.testcases.ContactsPageTest.verifyContactareadded()'><b>verifyContactareadded</b><br>Test class: com.crm.qa.testcases.ContactsPageTest<br>Parameters: Haripriya, Eadi, hari@gmail.com</td>
<td><div><pre>java.lang.AssertionError: The following asserts failed:
	expected [Nagaraju Madupu] but found [Nagaraju],
	expected [Laddu Nani] but found [Laddu],
	expected [Haripriya Eadi] but found [Haripriya]
	at com.crm.qa.testcases.ContactsPageTest.verifyContactareadded(ContactsPageTest.java:55)
... Removed 30 stack frames</pre></div><a href='#' onClick='toggleBox("stack-trace1225353990", this, "Click to show all stack frames", "Click to hide stack frames")'>Click to show all stack frames</a>
<div class='stack-trace' id='stack-trace1225353990'><pre>java.lang.AssertionError: The following asserts failed:
	expected [Nagaraju Madupu] but found [Nagaraju],
	expected [Laddu Nani] but found [Laddu],
	expected [Haripriya Eadi] but found [Haripriya]
	at org.testng.asserts.SoftAssert.assertAll(SoftAssert.java:43)
	at com.crm.qa.testcases.ContactsPageTest.verifyContactareadded(ContactsPageTest.java:55)
	at sun.reflect.NativeMethodAccessorImpl.invoke0(Native Method)
	at sun.reflect.NativeMethodAccessorImpl.invoke(NativeMethodAccessorImpl.java:62)
	at sun.reflect.DelegatingMethodAccessorImpl.invoke(DelegatingMethodAccessorImpl.java:43)
	at java.lang.reflect.Method.invoke(Method.java:497)
	at org.testng.internal.MethodInvocationHelper.invokeMethod(MethodInvocationHelper.java:108)
	at org.testng.internal.Invoker.invokeMethod(Invoker.java:661)
	at org.testng.internal.Invoker.invokeTestMethod(Invoker.java:869)
	at org.testng.internal.Invoker.invokeTestMethods(Invoker.java:1193)
	at org.testng.internal.TestMethodWorker.invokeTestMethods(TestMethodWorker.java:126)
	at org.testng.internal.TestMethodWorker.run(TestMethodWorker.java:109)
	at org.testng.TestRunner.privateRun(TestRunner.java:744)
	at org.testng.TestRunner.run(TestRunner.java:602)
	at org.testng.SuiteRunner.runTest(SuiteRunner.java:380)
	at org.testng.SuiteRunner.runSequentially(SuiteRunner.java:375)
	at org.testng.SuiteRunner.privateRun(SuiteRunner.java:340)
	at org.testng.SuiteRunner.run(SuiteRunner.java:289)
	at org.testng.SuiteRunnerWorker.runSuite(SuiteRunnerWorker.java:52)
	at org.testng.SuiteRunnerWorker.run(SuiteRunnerWorker.java:86)
	at org.testng.TestNG.runSuitesSequentially(TestNG.java:1301)
	at org.testng.TestNG.runSuitesLocally(TestNG.java:1226)
	at org.testng.TestNG.runSuites(TestNG.java:1144)
	at org.testng.TestNG.run(TestNG.java:1115)
	at org.apache.maven.surefire.testng.TestNGExecutor.run(TestNGExecutor.java:284)
	at org.apache.maven.surefire.testng.TestNGXmlTestSuite.execute(TestNGXmlTestSuite.java:75)
	at org.apache.maven.surefire.testng.TestNGProvider.invoke(TestNGProvider.java:119)
	at org.apache.maven.surefire.booter.ForkedBooter.runSuitesInProcess(ForkedBooter.java:428)
	at org.apache.maven.surefire.booter.ForkedBooter.execute(ForkedBooter.java:162)
	at org.apache.maven.surefire.booter.ForkedBooter.run(ForkedBooter.java:562)
	at org.apache.maven.surefire.booter.ForkedBooter.main(ForkedBooter.java:548)
</pre></div></td>
<td>13</td>
<td>com.crm.qa.testcases.ContactsPageTest@61832929</td></tr>
</table><p>
<table width='100%' border='1' class='invocation-passed'>
<tr><td colspan='4' align='center'><b>PASSED TESTS</b></td></tr>
<tr><td><b>Test method</b></td>
<td width="30%"><b>Exception</b></td>
<td width="10%"><b>Time (seconds)</b></td>
<td><b>Instance</b></td>
</tr>
<tr>
<td title='com.crm.qa.testcases.LoginPageTest.LoginFunctionalityTest()'><b>LoginFunctionalityTest</b><br>Test class: com.crm.qa.testcases.LoginPageTest<br>Test method: Validation the Functionality of Login Page</td>
<td></td>
<td>0</td>
<td>com.crm.qa.testcases.LoginPageTest@523884b2</td></tr>
<tr>
<td title='com.crm.qa.testcases.LoginPageTest.ValidateLoginPageTitle()'><b>ValidateLoginPageTitle</b><br>Test class: com.crm.qa.testcases.LoginPageTest<br>Test method: Validation of the LoginPage Title</td>
<td></td>
<td>0</td>
<td>com.crm.qa.testcases.LoginPageTest@523884b2</td></tr>
<tr>
<td title='com.crm.qa.testcases.ContactsPageTest.verifyContactsPage()'><b>verifyContactsPage</b><br>Test class: com.crm.qa.testcases.ContactsPageTest</td>
<td></td>
<td>0</td>
<td>com.crm.qa.testcases.ContactsPageTest@61832929</td></tr>
<tr>
<td title='com.crm.qa.testcases.HomePageTest.verifyContactsPageisClicked()'><b>verifyContactsPageisClicked</b><br>Test class: com.crm.qa.testcases.HomePageTest<br>Test method: Validation of Contacts link is clicked or not</td>
<td></td>
<td>1</td>
<td>com.crm.qa.testcases.HomePageTest@5b275dab</td></tr>
<tr>
<td title='com.crm.qa.testcases.HomePageTest.verifyCorrectUserLoggedIn()'><b>verifyCorrectUserLoggedIn</b><br>Test class: com.crm.qa.testcases.HomePageTest<br>Test method: Validation of the CorrectUserLogin</td>
<td></td>
<td>2</td>
<td>com.crm.qa.testcases.HomePageTest@5b275dab</td></tr>
<tr>
<td title='com.crm.qa.testcases.HomePageTest.verifyHomePageTitleTest()'><b>verifyHomePageTitleTest</b><br>Test class: com.crm.qa.testcases.HomePageTest<br>Test method: Validation of the HomePage Title</td>
<td></td>
<td>0</td>
<td>com.crm.qa.testcases.HomePageTest@5b275dab</td></tr>
</table><p>
</body>
</html>