<?xml version="1.0" encoding="UTF-8"?>
<!-- Generated by org.testng.reporters.JUnitXMLReporter -->
<testsuite hostname="lenovo-PC" ignored="0" name="FREE CRM TEST" tests="9" failures="3" timestamp="24 Oct 2020 09:36:53 GMT" time="186.152" errors="0">
  <testcase name="ValidateLoginPageTitle" time="0.023" classname="com.crm.qa.testcases.LoginPageTest"/>
  <testcase name="verifyHomePageTitleTest" time="0.028" classname="com.crm.qa.testcases.HomePageTest"/>
  <testcase name="verifyContactsPage" time="0.231" classname="com.crm.qa.testcases.ContactsPageTest"/>
  <testcase name="LoginFunctionalityTest" time="0.611" classname="com.crm.qa.testcases.LoginPageTest"/>
  <testcase name="verifyCorrectUserLoggedIn" time="2.12" classname="com.crm.qa.testcases.HomePageTest"/>
  <testcase name="verifyContactareadded" time="12.958" classname="com.crm.qa.testcases.ContactsPageTest">
    <failure type="java.lang.AssertionError" message="The following asserts failed:
	expected [Nagaraju Madupu] but found [Nagaraju]">
      <![CDATA[java.lang.AssertionError: The following asserts failed:
	expected [Nagaraju Madupu] but found [Nagaraju]
	at com.crm.qa.testcases.ContactsPageTest.verifyContactareadded(ContactsPageTest.java:55)
... Removed 30 stack frames]]>
    </failure>
  </testcase> <!-- verifyContactareadded -->
  <testcase name="verifyContactareadded" time="14.114" classname="com.crm.qa.testcases.ContactsPageTest">
    <failure type="java.lang.AssertionError" message="The following asserts failed:
	expected [Nagaraju Madupu] but found [Nagaraju],
	expected [Laddu Nani] but found [Laddu]">
      <![CDATA[java.lang.AssertionError: The following asserts failed:
	expected [Nagaraju Madupu] but found [Nagaraju],
	expected [Laddu Nani] but found [Laddu]
	at com.crm.qa.testcases.ContactsPageTest.verifyContactareadded(ContactsPageTest.java:55)
... Removed 30 stack frames]]>
    </failure>
  </testcase> <!-- verifyContactareadded -->
  <testcase name="verifyContactareadded" time="13.717" classname="com.crm.qa.testcases.ContactsPageTest">
    <failure type="java.lang.AssertionError" message="The following asserts failed:
	expected [Nagaraju Madupu] but found [Nagaraju],
	expected [Laddu Nani] but found [Laddu],
	expected [Haripriya Eadi] but found [Haripriya]">
      <![CDATA[java.lang.AssertionError: The following asserts failed:
	expected [Nagaraju Madupu] but found [Nagaraju],
	expected [Laddu Nani] but found [Laddu],
	expected [Haripriya Eadi] but found [Haripriya]
	at com.crm.qa.testcases.ContactsPageTest.verifyContactareadded(ContactsPageTest.java:55)
... Removed 30 stack frames]]>
    </failure>
  </testcase> <!-- verifyContactareadded -->
  <testcase name="verifyContactsPageisClicked" time="1.815" classname="com.crm.qa.testcases.HomePageTest"/>
</testsuite> <!-- FREE CRM TEST -->
